18:04:40.565 [main                     ] DEBUG Logger               - Configured Logger
18:04:40.570 [main                     ] DEBUG GameApplication      - Logging settings
Title: Park PCG
Version: 0.0
Width: 500
Height: 600
Fullscreen: false
Intro: false
Profiling: false
Single step:false
App Mode: DEVELOPER
Menu Key: ESCAPE
Stage Style: DECORATED
Scene Factory: class com.almasb.fxgl.app.scene.SceneFactory

18:04:40.911 [JavaFX Application Thread] DEBUG FXGLApplication      - Initializing FXGL
18:04:40.913 [JavaFX Application Thread] INFO  Engine               - FXGL-21.1 (27.03.2024 07.52) on WINDOWS (J:25.0.1 FX:21.0.1)
18:04:40.913 [JavaFX Application Thread] DEBUG Engine               - JRE Vendor Name: Oracle Corporation
18:04:40.913 [JavaFX Application Thread] DEBUG Engine               - Running on OS: Windows 11 version 10.0
18:04:40.913 [JavaFX Application Thread] DEBUG Engine               - Architecture: amd64
18:04:40.913 [JavaFX Application Thread] INFO  Engine               - Source code and latest versions at: https://github.com/AlmasB/FXGL
18:04:40.913 [JavaFX Application Thread] INFO  Engine               -       Ask questions and discuss at: https://github.com/AlmasB/FXGL/discussions
18:04:40.913 [JavaFX Application Thread] INFO  Engine               -              Join the FXGL chat at: https://gitter.im/AlmasB/FXGL
18:04:40.962 [JavaFX Application Thread] DEBUG PrimaryStageWindow   - Creating a JavaFX scene
18:04:40.987 [JavaFX Application Thread] DEBUG PrimaryStageWindow   - Target settings size: 500.0 x 600.0
18:04:40.987 [JavaFX Application Thread] DEBUG PrimaryStageWindow   - Scaled scene size:    500.0 x 600.0
18:04:40.987 [JavaFX Application Thread] DEBUG PrimaryStageWindow   - Scaled ratio: (1.0, 1.0)
18:04:40.988 [JavaFX Application Thread] DEBUG PrimaryStageWindow   - Set initial scene to FXGLStartupScene
18:04:40.989 [JavaFX Application Thread] DEBUG PrimaryStageWindow   - Opening main window
18:04:41.031 [JavaFX Application Thread] DEBUG PrimaryStageWindow   - Window border size: (14.4000244140625, 37.5999755859375)
18:04:41.031 [JavaFX Application Thread] DEBUG PrimaryStageWindow   - Scaled size: 500.0 x 600.0
18:04:41.031 [JavaFX Application Thread] DEBUG PrimaryStageWindow   - Scaled ratio: (1.0, 1.0)
18:04:41.031 [JavaFX Application Thread] DEBUG PrimaryStageWindow   - Scene size: 500.0 x 600.0
18:04:41.032 [JavaFX Application Thread] DEBUG PrimaryStageWindow   - Stage size: 514.4000244140625 x 637.5999755859375
18:04:41.036 [FXGL Background Thread 1 ] DEBUG Engine               - Initializing environment variables
18:04:41.067 [FXGL Background Thread 1 ] DEBUG FXGLAssetLoaderServi - User app class for loading assets: class com.n0v1.game.ParkPCGApp
18:04:41.067 [FXGL Background Thread 1 ] DEBUG GameApplicationServi - Applying CSS: fxgl_dark.css
18:04:41.067 [FXGL Background Thread 1 ] DEBUG FXGLAssetLoaderServi - Loading from file system: jar:file:/C:/Users/mates/.m2/repository/com/github/almasb/fxgl/21.1/fxgl-21.1.jar!/fxglassets/ui/css/fxgl_dark.css
18:04:41.087 [FXGL Background Thread 1 ] DEBUG GameApplicationServi - Initializing application scenes
18:04:41.110 [FXGL Background Thread 1 ] DEBUG GameWorld            - Game world initialized
18:04:41.136 [FXGL Background Thread 1 ] DEBUG PhysicsWorld         - Physics world initialized: appHeight=600, physics.ppm=50.0
18:04:41.136 [FXGL Background Thread 1 ] DEBUG PhysicsWorld         - Using strategy: BRUTE_FORCE
18:04:41.138 [FXGL Background Thread 1 ] DEBUG GameScene            - Game scene initialized: 500x600
18:04:41.145 [FXGL Background Thread 1 ] WARN  FXGL.DefaultMenu     - FXGLDefaultMenu is not designed for resolutions < 800x600
18:04:41.145 [FXGL Background Thread 1 ] DEBUG FXGL.DefaultMenu     - createMenuBodyGameMenu()
18:04:41.152 [FXGL Background Thread 1 ] DEBUG FXGL.DefaultMenu     - createOptionsMenu()
18:04:41.160 [FXGL Background Thread 1 ] DEBUG FXGLAssetLoaderServi - Loading from file system: jar:file:/C:/Users/mates/.m2/repository/com/github/almasb/fxgl/21.1/fxgl-21.1.jar!/fxglassets/textures/particles/smoke.png
18:04:41.209 [FXGL Background Thread 1 ] DEBUG FXGLAssetLoaderServi - Loading from file system: jar:file:/C:/Users/mates/.m2/repository/com/github/almasb/fxgl/21.1/fxgl-21.1.jar!/fxglassets/textures/particles/trace_horizontal.png
18:04:41.228 [FXGL Background Thread 1 ] DEBUG GameApplicationServi - Application scenes initialized
18:04:41.236 [FXGL Background Thread 1 ] DEBUG SystemBundleService  - Loading FXGL system data
18:04:41.239 [FXGL Background Thread 1 ] DEBUG FileSystemAccess     - Reading from: D:\projects\JavaFX\parking_lot\system\fxgl.bundle
18:04:41.242 [FXGL Background Thread 1 ] DEBUG SystemBundleService  - Bundle FXGL: {}
18:04:41.242 [FXGL Background Thread 1 ] DEBUG UpdaterService       - Checking for updates
18:04:41.244 [FXGL Background Thread 4 ] DEBUG FXGLApplication      - Loading fonts
18:04:41.245 [FXGL Background Thread 4 ] DEBUG FXGLAssetLoaderServi - Loading from file system: jar:file:/C:/Users/mates/.m2/repository/com/github/almasb/fxgl/21.1/fxgl-21.1.jar!/fxglassets/ui/fonts/VarelaRound-Regular.ttf
18:04:41.245 [FXGL Background Thread 1 ] DEBUG FXGLApplication      - Loading default localization
18:04:41.245 [FXGL Background Thread 1 ] DEBUG FXGLAssetLoaderServi - Loading from file system: jar:file:/C:/Users/mates/.m2/repository/com/github/almasb/fxgl/21.1/fxgl-21.1.jar!/fxglassets/languages/english.lang
18:04:41.255 [FXGL Background Thread 1 ] INFO  FXGLApplication      - FXGL initialization took: 0.219 sec
18:04:41.256 [JavaFX Application Thread] DEBUG FXGLAssetLoaderServi - Loading from file system: jar:file:/C:/Users/mates/.m2/repository/com/github/almasb/fxgl/21.1/fxgl-21.1.jar!/fxglassets/textures/fxgl_icon.png
18:04:41.275 [JavaFX Application Thread] DEBUG FXGLAssetLoaderServi - Loading from file system: jar:file:/C:/Users/mates/.m2/repository/com/github/almasb/fxgl/21.1/fxgl-21.1.jar!/fxglassets/textures/fxgl_default_cursor.png
18:04:41.277 [FXGL Background Thread 4 ] DEBUG FXGLAssetLoaderServi - Loading from file system: jar:file:/C:/Users/mates/.m2/repository/com/github/almasb/fxgl/21.1/fxgl-21.1.jar!/fxglassets/ui/fonts/Abel-Regular.ttf
18:04:41.284 [JavaFX Application Thread] DEBUG Input                - Registered new binding: Screenshot - CTRL+8
18:04:41.285 [JavaFX Application Thread] DEBUG Input                - Registered new binding: System info dump - CTRL+9
18:04:41.285 [JavaFX Application Thread] DEBUG Input                - Registered new binding: Restart - CTRL+R
18:04:41.285 [JavaFX Application Thread] DEBUG Input                - Registered new binding: Toggle Debug Camera - CTRL+7
18:04:41.287 [JavaFX Application Thread] DEBUG LoopRunner           - Starting loop
18:04:41.287 [FXGL Background Thread 4 ] DEBUG FXGLAssetLoaderServi - Loading from file system: jar:file:/C:/Users/mates/.m2/repository/com/github/almasb/fxgl/21.1/fxgl-21.1.jar!/fxglassets/ui/fonts/TerminalLandMono-Regular.otf
18:04:41.287 [JavaFX Application Thread] DEBUG LoopRunner           - Initializing JavaFX AnimationTimerLoop
18:04:41.288 [JavaFX Application Thread] DEBUG GameApplicationServi - Starting new game
18:04:41.288 [JavaFX Application Thread] DEBUG Input                - Clearing active input actions
18:04:41.295 [JavaFX Application Thread] DEBUG GameApplicationServi - Removing overlay from FXGLStartupScene and adding to FXGLLoadingScene
18:04:41.296 [JavaFX Application Thread] DEBUG PrimaryStageWindow   - FXGLStartupScene -> FXGLLoadingScene
18:04:41.296 [JavaFX Application Thread] DEBUG GameApplicationServi - Clearing previous game
18:04:41.296 [JavaFX Application Thread] DEBUG GameScene            - Clearing game scene
18:04:41.296 [JavaFX Application Thread] DEBUG GameWorld            - Clearing game world
18:04:41.296 [JavaFX Application Thread] DEBUG PhysicsWorld         - Clearing physics world
18:04:41.297 [FXGL Background Thread 4 ] DEBUG FXGLAssetLoaderServi - Loading from file system: jar:file:/C:/Users/mates/.m2/repository/com/github/almasb/fxgl/21.1/fxgl-21.1.jar!/fxglassets/ui/fonts/Courier-Prime.ttf
18:04:41.297 [FXGL Background Thread 1 ] DEBUG FXGLApplication      - Initializing game
18:04:41.317 [FXGL Background Thread 1 ] INFO  FXGLApplication      - Game initialization took: 0.019 sec
18:04:41.328 [JavaFX Application Thread] DEBUG FXGLApplication      - Registering font factories with UI factory
18:04:41.329 [JavaFX Application Thread] DEBUG Input                - Clearing active input actions
18:04:41.340 [JavaFX Application Thread] DEBUG GameApplicationServi - Removing overlay from FXGLLoadingScene and adding to GameScene
18:04:41.340 [JavaFX Application Thread] DEBUG PrimaryStageWindow   - FXGLLoadingScene -> GameScene
18:04:43.192 [JavaFX Application Thread] DEBUG FXGLApplication      - Exiting FXGL
18:04:43.192 [JavaFX Application Thread] DEBUG LoopRunner           - Stopping loop
18:04:43.192 [JavaFX Application Thread] DEBUG SystemBundleService  - Saving FXGL system data
18:04:43.194 [JavaFX Application Thread] DEBUG FileSystemAccess     - Writing to: D:\projects\JavaFX\parking_lot\system\fxgl.bundle
18:04:43.195 [JavaFX Application Thread] DEBUG Async                - Shutting down background threads
18:04:43.195 [JavaFX Application Thread] DEBUG PrimaryStageWindow   - Closing main window
18:04:43.202 [JavaFX Application Thread] DEBUG Logger               - Closing Logger
